<?xml version="1.0" encoding="UTF-8"?>
<!-- Generated by org.testng.reporters.JUnitXMLReporter -->
<testsuite ignored="0" hostname="DESKTOP-HT3SPI2" failures="0" tests="3" name="Default test" time="51.068" errors="0" timestamp="2022-10-12T11:22:00 IST">
  <testcase classname="testng.Test5_DataProvider" name="tcl" time="14.931"/>
  <testcase classname="testng.Test5_DataProvider" name="tcl" time="15.803"/>
  <testcase classname="testng.Test5_DataProvider" name="tcl" time="20.243"/>
</testsuite> <!-- Default test -->
