<?xml version="1.0" encoding="UTF-8"?>
<testng-results ignored="0" total="3" passed="3" failed="0" skipped="0">
  <reporter-output>
  </reporter-output>
  <suite started-at="2022-10-12T11:21:09 IST" name="Default suite" finished-at="2022-10-12T11:22:00 IST" duration-ms="51068">
    <groups>
    </groups>
    <test started-at="2022-10-12T11:21:09 IST" name="Default test" finished-at="2022-10-12T11:22:00 IST" duration-ms="51068">
      <class name="testng.Test5_DataProvider">
        <test-method signature="tcl(java.lang.String,java.lang.String)[pri:0, instance:testng.Test5_DataProvider@4e096385]" started-at="2022-10-12T11:21:09 IST" name="tcl" data-provider="getData" finished-at="2022-10-12T11:21:24 IST" duration-ms="14931" status="PASS">
          <params>
            <param index="0">
              <value>
                <![CDATA[1225495]]>
              </value>
            </param>
            <param index="1">
              <value>
                <![CDATA[qwerty]]>
              </value>
            </param>
          </params>
          <reporter-output>
          </reporter-output>
        </test-method> <!-- tcl -->
        <test-method signature="tcl(java.lang.String,java.lang.String)[pri:0, instance:testng.Test5_DataProvider@4e096385]" started-at="2022-10-12T11:21:24 IST" name="tcl" data-provider="getData" finished-at="2022-10-12T11:21:39 IST" duration-ms="15803" status="PASS">
          <params>
            <param index="0">
              <value>
                <![CDATA[qewwdd]]>
              </value>
            </param>
            <param index="1">
              <value>
                <![CDATA[123654789]]>
              </value>
            </param>
          </params>
          <reporter-output>
          </reporter-output>
        </test-method> <!-- tcl -->
        <test-method signature="tcl(java.lang.String,java.lang.String)[pri:0, instance:testng.Test5_DataProvider@4e096385]" started-at="2022-10-12T11:21:39 IST" name="tcl" data-provider="getData" finished-at="2022-10-12T11:22:00 IST" duration-ms="20243" status="PASS">
          <params>
            <param index="0">
              <value>
                <![CDATA[admin]]>
              </value>
            </param>
            <param index="1">
              <value>
                <![CDATA[manager]]>
              </value>
            </param>
          </params>
          <reporter-output>
          </reporter-output>
        </test-method> <!-- tcl -->
      </class> <!-- testng.Test5_DataProvider -->
    </test> <!-- Default test -->
  </suite> <!-- Default suite -->
</testng-results>
